Arguments: 
  /usr/bin/node /usr/share/yarn/bin/yarn.js add [parking-manager]

PATH: 
  /usr/local/sbin:/usr/local/bin:/usr/sbin:/usr/bin:/sbin:/bin:/usr/games:/usr/local/games:/snap/bin

Yarn version: 
  1.22.4

Node version: 
  8.10.0

Platform: 
  linux x64

Trace: 
  Error: https://registry.yarnpkg.com/[parking-manager]: Not found
      at Request.params.callback [as _callback] (/usr/share/yarn/lib/cli.js:66987:18)
      at Request.self.callback (/usr/share/yarn/lib/cli.js:140748:22)
      at emitTwo (events.js:126:13)
      at Request.emit (events.js:214:7)
      at Request.<anonymous> (/usr/share/yarn/lib/cli.js:141720:10)
      at emitOne (events.js:116:13)
      at Request.emit (events.js:211:7)
      at IncomingMessage.<anonymous> (/usr/share/yarn/lib/cli.js:141642:12)
      at Object.onceWrapper (events.js:313:30)
      at emitNone (events.js:111:20)

npm manifest: 
  {
    "name": "parking-benitez",
    "version": "1.8.0",
    "private": false,
    "main": "dist/index.js",
    "dependencies": {
      "@date-io/moment": "^1.3.9",
      "@material-ui/core": "4.3.2",
      "@material-ui/icons": "4.2.1",
      "@material-ui/pickers": "^3.2.10",
      "chartist": "0.10.1",
      "classnames": "2.2.6",
      "firebase": "^7.13.1",
      "history": "4.9.0",
      "izitoast": "^1.4.0",
      "moment": "^2.24.0",
      "perfect-scrollbar": "1.4.0",
      "prop-types": "15.7.2",
      "react": "16.9.0",
      "react-chartist": "0.13.3",
      "react-dom": "16.9.0",
      "react-google-maps": "9.4.5",
      "react-router-dom": "5.0.1",
      "react-scripts": "3.1.0",
      "react-swipeable-views": "0.13.3"
    },
    "scripts": {
      "start": "react-scripts start",
      "build": "react-scripts build",
      "test": "react-scripts test --env=jsdom",
      "eject": "react-scripts eject",
      "firebase": "firebase",
      "install:clean": "rm -rf node_modules/ && rm -rf package-lock.json && npm install && npm start",
      "lint:check": "eslint . --ext=js,jsx;  exit 0",
      "lint:fix": "eslint . --ext=js,jsx --fix;  exit 0",
      "build-package-css": "cp src/assets/css/material-dashboard-react.css dist/material-dashboard-react.css",
      "build-package": "npm run build-package-css && babel src --out-dir dist"
    },
    "license": "MIT",
    "optionalDependencies": {
      "@types/googlemaps": "3.37.3",
      "@types/markerclustererplus": "2.1.33",
      "ajv": "6.10.2",
      "typescript": "3.5.3"
    },
    "devDependencies": {
      "eslint-config-prettier": "6.0.0",
      "eslint-plugin-prettier": "3.1.0",
      "gulp": "4.0.2",
      "gulp-append-prepend": "1.0.8",
      "prettier": "1.18.2"
    },
    "browserslist": {
      "production": [
        ">0.2%",
        "not dead",
        "not op_mini all"
      ],
      "development": []
    }
  }

yarn manifest: 
  No manifest

Lockfile: 
  No lockfile
